<?xml version="1.0" encoding="utf-8"?>
<shfbBuild product="Sandcastle Help File Builder and Tools" version="2025.9.30.0" projectFile="C:\Users\A C E R\source\repos\ase-boose-assignment-Shreya2-22\Documentation.shfbproj" started="1/11/2026 7:25:18 PM">
<buildStep step="Initializing">
The Sandcastle tools are located in &#39;C:\Program Files (x86)\EWSoftware\Sandcastle Help File Builder&#39;
Locating components in the following folder(s):
    C:\Users\A C E R\source\repos\ase-boose-assignment-Shreya2-22
    C:\ProgramData\EWSoftware\Sandcastle Help File Builder\Components and Plug-Ins
    C:\Program Files (x86)\EWSoftware\Sandcastle Help File Builder\Components
Using framework reflection data for &#39;.NET Framework 4.7.2&#39; located in &#39;C:\Program Files (x86)\EWSoftware\Sandcastle Help File Builder\Data\.NETFramework&#39;
Using presentation style &#39;Default2022&#39; located in &#39;C:\Program Files (x86)\EWSoftware\Sandcastle Help File Builder\Components\Default2022&#39;
Loading and initializing plug-ins...
Website Table of Contents Generator Version 2025.9.30.0
Copyright &#169; 2006-2025, Eric Woodruff, All Rights Reserved
</buildStep>
<buildStep step="ClearWorkFolder">
Clearing working folder...
-------------------------------
Clearing any prior web/markdown output...
</buildStep>
<buildStep step="ValidatingDocumentationSources">
Validating and copying documentation source information
Source: C:\Users\A C E R\source\repos\ase-boose-assignment-Shreya2-22\ASE Assignment Demo\bin\Debug\net8.0-windows\ASE Assignment Demo.dll
    Found assembly &#39;C:\Users\A C E R\source\repos\ase-boose-assignment-Shreya2-22\ASE Assignment Demo\bin\Debug\net8.0-windows\ASE Assignment Demo.dll&#39;
Source: C:\Users\A C E R\source\repos\ase-boose-assignment-Shreya2-22\ASE Assignment Demo\bin\Debug\net8.0-windows\ASE Assignment Demo.xml

Copying XML comments files
    C:\Users\A C E R\source\repos\ase-boose-assignment-Shreya2-22\ASE Assignment Demo\bin\Debug\net8.0-windows\ASE Assignment Demo.xml -&gt; C:\Users\A C E R\source\repos\ase-boose-assignment-Shreya2-22\Help\Working\ASE Assignment Demo.xml
</buildStep>
<buildStep step="GenerateSharedContent">
Generating shared content files (en-US, English (United States))...
    Last step completed in 00:00:00.0072
</buildStep>
<buildStep step="GenerateApiFilter">
Generating API filter for MRefBuilder...
    Last step completed in 00:00:00.0183
</buildStep>
<buildStep step="GenerateReflectionInfo">
Generating reflection information...
[C:\Program Files (x86)\Microsoft Visual Studio\2022\BuildTools\MSBuild\Current\Bin\amd64\MSBuild.exe - GenerateRefInfo-77a5a8ba-de0b-4c02-bd8b-68ed930e7c45.proj]
Build started 1/11/2026 7:25:20 PM.

Project &quot;C:\Users\A C E R\source\repos\ase-boose-assignment-Shreya2-22\Help\Working\GenerateRefInfo-77a5a8ba-de0b-4c02-bd8b-68ed930e7c45.proj&quot; on node 1 (default targets).
PrepareForBuild:
  Creating directory &quot;obj\Debug\&quot;.
GenerateRefInfo:
  Microsoft.Build (v17.14.23+b0019275ecd6d49bb192b2e055849e25419f1010)
  c Microsoft Corporation. All rights reserved.
  No source code context base path specified.  Source context information is unavailable.
  Loaded 1 assemblies for reflection and 1 dependency assemblies.
  Using framework redirect &#39;System.Windows.Forms, Version=4.0.0.0, Culture=neutral, PublicKeyToken=b77a5c561934e089&#39; in place of &#39;System.Windows.Forms, Version=8.0.0.0, Culture=neutral, PublicKeyToken=b77a5c561934e089&#39;
  Using framework redirect &#39;System, Version=4.0.0.0, Culture=neutral, PublicKeyToken=b77a5c561934e089&#39; in place of &#39;System, Version=4.0.0.0, Culture=neutral, PublicKeyToken=b77a5c561934e089&#39;
MRefBuilder : warning : Ignoring unresolved assembly reference: System.Drawing.Common (System.Drawing.Common, Version=8.0.0.0, Culture=neutral, PublicKeyToken=cc7b13ffcd2ddd51) required by ASE Assignment Demo [C:\Users\A C E R\source\repos\ase-boose-assignment-Shreya2-22\Help\Working\GenerateRefInfo-77a5a8ba-de0b-4c02-bd8b-68ed930e7c45.proj]
MRefBuilder : warning : Ignoring unresolved assembly reference: System.Drawing.Primitives (System.Drawing.Primitives, Version=8.0.0.0, Culture=neutral, PublicKeyToken=b03f5f7f11d50a3a) required by ASE Assignment Demo [C:\Users\A C E R\source\repos\ase-boose-assignment-Shreya2-22\Help\Working\GenerateRefInfo-77a5a8ba-de0b-4c02-bd8b-68ed930e7c45.proj]
MRefBuilder : warning : Ignoring unresolved assembly reference: System.ComponentModel.Primitives (System.ComponentModel.Primitives, Version=8.0.0.0, Culture=neutral, PublicKeyToken=b03f5f7f11d50a3a) required by ASE Assignment Demo [C:\Users\A C E R\source\repos\ase-boose-assignment-Shreya2-22\Help\Working\GenerateRefInfo-77a5a8ba-de0b-4c02-bd8b-68ed930e7c45.proj]
MRefBuilder : warning : Ignoring unresolved assembly reference: System.Collections (System.Collections, Version=8.0.0.0, Culture=neutral, PublicKeyToken=b03f5f7f11d50a3a) required by ASE Assignment Demo [C:\Users\A C E R\source\repos\ase-boose-assignment-Shreya2-22\Help\Working\GenerateRefInfo-77a5a8ba-de0b-4c02-bd8b-68ed930e7c45.proj]
  Using framework redirect &#39;System.Drawing, Version=4.0.0.0, Culture=neutral, PublicKeyToken=b03f5f7f11d50a3a&#39; in place of &#39;System.Drawing, Version=4.0.0.0, Culture=neutral, PublicKeyToken=b03f5f7f11d50a3a&#39;
  Using framework redirect &#39;Accessibility, Version=4.0.0.0, Culture=neutral, PublicKeyToken=b03f5f7f11d50a3a&#39; in place of &#39;Accessibility, Version=4.0.0.0, Culture=neutral, PublicKeyToken=b03f5f7f11d50a3a&#39;
MRefBuilder : warning : Unexpected parameter type Void.  This may be an issue (missing reference assembly?).  Declaring method: ASE_Assignment_Demo.MethodManager.DefineMethod(System.String,System.String,System.Collections.Generic.List`1,System.Void) [C:\Users\A C E R\source\repos\ase-boose-assignment-Shreya2-22\Help\Working\GenerateRefInfo-77a5a8ba-de0b-4c02-bd8b-68ed930e7c45.proj]
MRefBuilder : warning : Unexpected parameter type Void.  This may be an issue (missing reference assembly?).  Declaring method: ASE_Assignment_Demo.Interfaces.IMethodManager.DefineMethod(System.String,System.String,System.Collections.Generic.List`1,System.Void) [C:\Users\A C E R\source\repos\ase-boose-assignment-Shreya2-22\Help\Working\GenerateRefInfo-77a5a8ba-de0b-4c02-bd8b-68ed930e7c45.proj]
  Wrote information on 3 namespaces, 20 types, and 104 members
  Merging duplicate type and member information
  Merged 0 duplicate type(s) and 0 duplicate member(s)
Done Building Project &quot;C:\Users\A C E R\source\repos\ase-boose-assignment-Shreya2-22\Help\Working\GenerateRefInfo-77a5a8ba-de0b-4c02-bd8b-68ed930e7c45.proj&quot; (default targets).
    Last step completed in 00:00:02.6986
</buildStep>
<buildStep step="ApplyDocumentModel">
Applying document model to reflection output...
    Last step completed in 00:00:00.3492
</buildStep>
<buildStep step="AddApiTopicFilenames">
Adding topic filenames to API members...
    Last step completed in 00:00:00.2806
</buildStep>
<buildStep step="GenerateApiTopicManifest">
Generating API topic manifest...
    Last step completed in 00:00:00.2697
</buildStep>
<buildStep step="GenerateNamespaceSummaries">
Generating namespace summary information...
    Last step completed in 00:00:00.1006
</buildStep>
<buildStep step="CopyAdditionalContent">
Copying additional content files...
No additional content to copy
    Last step completed in 00:00:00.0040
</buildStep>
<buildStep step="MergeTablesOfContents">
Merging conceptual and additional tables of contents...
    Last step completed in 00:00:00.0010
</buildStep>
<buildStep step="GenerateIntermediateTableOfContents">
Generating intermediate table of contents file for API content...
Generating conceptual content intermediate TOC file...
    Last step completed in 00:00:00.1180
</buildStep>
<buildStep step="CreateBuildAssemblerConfigs">
Creating Sandcastle configuration files...
    Last step completed in 00:00:01.5327
</buildStep>
<buildStep step="CombiningIntermediateTocFiles">
Combining conceptual and API intermediate TOC files...
    Last step completed in 00:00:00.0309
</buildStep>
<buildStep step="MergeCustomConfigs">
Merging custom build component configurations
C:\Users\A C E R\source\repos\ase-boose-assignment-Shreya2-22\Help\Working\BuildAssembler.config
  Updating reference topic configurations.
  No conceptual content.  Removing conceptual content components.
    Last step completed in 00:00:00.0482
</buildStep>
<buildStep step="BuildTopics">
Building help topics...
<plugIn name="Website Table of Contents Generator" behavior="Before" priority="1000">
Loading TOC info and adding unique IDs to parent nodes
</plugIn>Loading configuration...
Processing topics...
SHFB: Warning BE0066: ShowMissingComponent: [N:ASE_Assignment_Demo] Missing &lt;summary&gt; documentation
SHFB: Warning BE0066: ShowMissingComponent: [M:ASE_Assignment_Demo.MethodManager.DefineMethod(System.String,System.String,System.Collections.Generic.List`1,System.Void)] Missing &lt;summary&gt; documentation
SHFB: Warning BE0066: ShowMissingComponent: [M:ASE_Assignment_Demo.MethodManager.DefineMethod(System.String,System.String,System.Collections.Generic.List`1,System.Void)] Missing &lt;param name=&quot;methodName&quot;/&gt; documentation
SHFB: Warning BE0066: ShowMissingComponent: [M:ASE_Assignment_Demo.MethodManager.DefineMethod(System.String,System.String,System.Collections.Generic.List`1,System.Void)] Missing &lt;param name=&quot;returnType&quot;/&gt; documentation
SHFB: Warning BE0066: ShowMissingComponent: [M:ASE_Assignment_Demo.MethodManager.DefineMethod(System.String,System.String,System.Collections.Generic.List`1,System.Void)] Missing &lt;param name=&quot;parameters&quot;/&gt; documentation
SHFB: Warning BE0066: ShowMissingComponent: [M:ASE_Assignment_Demo.MethodManager.DefineMethod(System.String,System.String,System.Collections.Generic.List`1,System.Void)] Missing &lt;param name=&quot;bodyLines&quot;/&gt; documentation
SHFB: Warning BE0066: ShowMissingComponent: [N:ASE_Assignment_Demo.Commands] Missing &lt;summary&gt; documentation
SHFB: Warning BE0066: ShowMissingComponent: [M:ASE_Assignment_Demo.Commands.CircleCommand.#ctor(ASE_Assignment_Demo.Form1)] Missing &lt;param name=&quot;interpreter&quot;/&gt; documentation
SHFB: Warning BE0066: ShowMissingComponent: [M:ASE_Assignment_Demo.Commands.CircleCommand.Execute(System.String)] Missing &lt;summary&gt; documentation
SHFB: Warning BE0066: ShowMissingComponent: [M:ASE_Assignment_Demo.Commands.CircleCommand.Execute(System.String)] Missing &lt;param name=&quot;arguments&quot;/&gt; documentation
SHFB: Warning BE0066: ShowMissingComponent: [M:ASE_Assignment_Demo.Commands.CircleCommand.Undo] Missing &lt;summary&gt; documentation
SHFB: Warning BE0066: ShowMissingComponent: [M:ASE_Assignment_Demo.Commands.FillCommand.#ctor(ASE_Assignment_Demo.Form1)] Missing &lt;param name=&quot;interpreter&quot;/&gt; documentation
SHFB: Warning BE0066: ShowMissingComponent: [M:ASE_Assignment_Demo.Commands.FillCommand.Execute(System.String)] Missing &lt;summary&gt; documentation
SHFB: Warning BE0066: ShowMissingComponent: [M:ASE_Assignment_Demo.Commands.FillCommand.Execute(System.String)] Missing &lt;param name=&quot;arguments&quot;/&gt; documentation
SHFB: Warning BE0066: ShowMissingComponent: [M:ASE_Assignment_Demo.Commands.FillCommand.Undo] Missing &lt;summary&gt; documentation
SHFB: Warning BE0066: ShowMissingComponent: [M:ASE_Assignment_Demo.Commands.LineCommand.#ctor(ASE_Assignment_Demo.Form1)] Missing &lt;param name=&quot;interpreter&quot;/&gt; documentation
SHFB: Warning BE0066: ShowMissingComponent: [M:ASE_Assignment_Demo.Commands.LineCommand.Execute(System.String)] Missing &lt;summary&gt; documentation
SHFB: Warning BE0066: ShowMissingComponent: [M:ASE_Assignment_Demo.Commands.LineCommand.Execute(System.String)] Missing &lt;param name=&quot;arguments&quot;/&gt; documentation
SHFB: Warning BE0066: ShowMissingComponent: [M:ASE_Assignment_Demo.Commands.LineCommand.Undo] Missing &lt;summary&gt; documentation
SHFB: Warning BE0066: ShowMissingComponent: [M:ASE_Assignment_Demo.Commands.MoveToCommand.#ctor(ASE_Assignment_Demo.Form1)] Missing &lt;param name=&quot;interpreter&quot;/&gt; documentation
SHFB: Warning BE0066: ShowMissingComponent: [M:ASE_Assignment_Demo.Commands.MoveToCommand.Execute(System.String)] Missing &lt;summary&gt; documentation
SHFB: Warning BE0066: ShowMissingComponent: [M:ASE_Assignment_Demo.Commands.MoveToCommand.Execute(System.String)] Missing &lt;param name=&quot;arguments&quot;/&gt; documentation
SHFB: Warning BE0066: ShowMissingComponent: [M:ASE_Assignment_Demo.Commands.MoveToCommand.Undo] Missing &lt;summary&gt; documentation
SHFB: Warning BE0066: ShowMissingComponent: [M:ASE_Assignment_Demo.Commands.PenColorCommand.#ctor(ASE_Assignment_Demo.Form1)] Missing &lt;param name=&quot;interpreter&quot;/&gt; documentation
SHFB: Warning BE0066: ShowMissingComponent: [M:ASE_Assignment_Demo.Commands.PenColorCommand.Execute(System.String)] Missing &lt;summary&gt; documentation
SHFB: Warning BE0066: ShowMissingComponent: [M:ASE_Assignment_Demo.Commands.PenColorCommand.Execute(System.String)] Missing &lt;param name=&quot;arguments&quot;/&gt; documentation
SHFB: Warning BE0066: ShowMissingComponent: [M:ASE_Assignment_Demo.Commands.PenColorCommand.Undo] Missing &lt;summary&gt; documentation
SHFB: Warning BE0066: ShowMissingComponent: [M:ASE_Assignment_Demo.Commands.RectangleCommand.#ctor(ASE_Assignment_Demo.Form1)] Missing &lt;param name=&quot;interpreter&quot;/&gt; documentation
SHFB: Warning BE0066: ShowMissingComponent: [M:ASE_Assignment_Demo.Commands.RectangleCommand.Execute(System.String)] Missing &lt;summary&gt; documentation
SHFB: Warning BE0066: ShowMissingComponent: [M:ASE_Assignment_Demo.Commands.RectangleCommand.Execute(System.String)] Missing &lt;param name=&quot;arguments&quot;/&gt; documentation
SHFB: Warning BE0066: ShowMissingComponent: [M:ASE_Assignment_Demo.Commands.RectangleCommand.Undo] Missing &lt;summary&gt; documentation
SHFB: Warning BE0066: ShowMissingComponent: [M:ASE_Assignment_Demo.Commands.WriteCommand.#ctor(ASE_Assignment_Demo.Form1)] Missing &lt;param name=&quot;interpreter&quot;/&gt; documentation
SHFB: Warning BE0066: ShowMissingComponent: [M:ASE_Assignment_Demo.Commands.WriteCommand.Execute(System.String)] Missing &lt;summary&gt; documentation
SHFB: Warning BE0066: ShowMissingComponent: [M:ASE_Assignment_Demo.Commands.WriteCommand.Execute(System.String)] Missing &lt;param name=&quot;arguments&quot;/&gt; documentation
SHFB: Warning BE0066: ShowMissingComponent: [M:ASE_Assignment_Demo.Commands.WriteCommand.Undo] Missing &lt;summary&gt; documentation
SHFB: Warning BE0066: ShowMissingComponent: [N:ASE_Assignment_Demo.Interfaces] Missing &lt;summary&gt; documentation
SHFB: Warning BE0066: ShowMissingComponent: [M:ASE_Assignment_Demo.Interfaces.IMethodManager.DefineMethod(System.String,System.String,System.Collections.Generic.List`1,System.Void)] Missing &lt;summary&gt; documentation
SHFB: Warning BE0066: ShowMissingComponent: [M:ASE_Assignment_Demo.Interfaces.IMethodManager.DefineMethod(System.String,System.String,System.Collections.Generic.List`1,System.Void)] Missing &lt;param name=&quot;methodName&quot;/&gt; documentation
SHFB: Warning BE0066: ShowMissingComponent: [M:ASE_Assignment_Demo.Interfaces.IMethodManager.DefineMethod(System.String,System.String,System.Collections.Generic.List`1,System.Void)] Missing &lt;param name=&quot;returnType&quot;/&gt; documentation
SHFB: Warning BE0066: ShowMissingComponent: [M:ASE_Assignment_Demo.Interfaces.IMethodManager.DefineMethod(System.String,System.String,System.Collections.Generic.List`1,System.Void)] Missing &lt;param name=&quot;parameters&quot;/&gt; documentation
SHFB: Warning BE0066: ShowMissingComponent: [M:ASE_Assignment_Demo.Interfaces.IMethodManager.DefineMethod(System.String,System.String,System.Collections.Generic.List`1,System.Void)] Missing &lt;param name=&quot;bodyLines&quot;/&gt; documentation
Processed 163 topic(s)
41 warning(s)
CopyFromIndexComponent: &quot;reflection&quot; in-memory cache entries used: 4 of 15.
CopyFromIndexComponent: &quot;comments&quot; in-memory cache entries used: 4 of 30.
<plugIn name="Website Table of Contents Generator" behavior="After" priority="1000">
Generating TOC fragment files
</plugIn>    Last step completed in 00:00:17.1200
</buildStep>
<buildStep step="CopyStandardHelpContent">
Copying standard help content...
C:\Program Files (x86)\EWSoftware\Sandcastle Help File Builder\Components\Default2022\css\bulma.css -&gt; C:\Users\A C E R\source\repos\ase-boose-assignment-Shreya2-22\Help\Working\Output\Website\css\bulma.css
C:\Program Files (x86)\EWSoftware\Sandcastle Help File Builder\Components\Default2022\css\bulma.css.map -&gt; C:\Users\A C E R\source\repos\ase-boose-assignment-Shreya2-22\Help\Working\Output\Website\css\bulma.css.map
C:\Program Files (x86)\EWSoftware\Sandcastle Help File Builder\Components\Default2022\css\bulma.min.css -&gt; C:\Users\A C E R\source\repos\ase-boose-assignment-Shreya2-22\Help\Working\Output\Website\css\bulma.min.css
C:\Program Files (x86)\EWSoftware\Sandcastle Help File Builder\Components\Default2022\css\font-awesome.css -&gt; C:\Users\A C E R\source\repos\ase-boose-assignment-Shreya2-22\Help\Working\Output\Website\css\font-awesome.css
C:\Program Files (x86)\EWSoftware\Sandcastle Help File Builder\Components\Default2022\css\font-awesome.min.css -&gt; C:\Users\A C E R\source\repos\ase-boose-assignment-Shreya2-22\Help\Working\Output\Website\css\font-awesome.min.css
C:\Program Files (x86)\EWSoftware\Sandcastle Help File Builder\Components\Default2022\css\ja-JP.css -&gt; C:\Users\A C E R\source\repos\ase-boose-assignment-Shreya2-22\Help\Working\Output\Website\css\ja-JP.css
C:\Program Files (x86)\EWSoftware\Sandcastle Help File Builder\Components\Default2022\css\ko-KR.css -&gt; C:\Users\A C E R\source\repos\ase-boose-assignment-Shreya2-22\Help\Working\Output\Website\css\ko-KR.css
C:\Program Files (x86)\EWSoftware\Sandcastle Help File Builder\Components\Default2022\css\presentationStyle.css -&gt; C:\Users\A C E R\source\repos\ase-boose-assignment-Shreya2-22\Help\Working\Output\Website\css\presentationStyle.css
C:\Program Files (x86)\EWSoftware\Sandcastle Help File Builder\Components\Default2022\css\vs.min.css -&gt; C:\Users\A C E R\source\repos\ase-boose-assignment-Shreya2-22\Help\Working\Output\Website\css\vs.min.css
C:\Program Files (x86)\EWSoftware\Sandcastle Help File Builder\Components\Default2022\css\zh-CN.css -&gt; C:\Users\A C E R\source\repos\ase-boose-assignment-Shreya2-22\Help\Working\Output\Website\css\zh-CN.css
C:\Program Files (x86)\EWSoftware\Sandcastle Help File Builder\Components\Default2022\css\zh-TW.css -&gt; C:\Users\A C E R\source\repos\ase-boose-assignment-Shreya2-22\Help\Working\Output\Website\css\zh-TW.css
C:\Program Files (x86)\EWSoftware\Sandcastle Help File Builder\Components\Default2022\icons\favicon.ico -&gt; C:\Users\A C E R\source\repos\ase-boose-assignment-Shreya2-22\Help\Working\Output\Website\icons\favicon.ico
C:\Program Files (x86)\EWSoftware\Sandcastle Help File Builder\Components\Default2022\scripts\clipboard.min.js -&gt; C:\Users\A C E R\source\repos\ase-boose-assignment-Shreya2-22\Help\Working\Output\Website\scripts\clipboard.min.js
C:\Program Files (x86)\EWSoftware\Sandcastle Help File Builder\Components\Default2022\scripts\highlight.min.js -&gt; C:\Users\A C E R\source\repos\ase-boose-assignment-Shreya2-22\Help\Working\Output\Website\scripts\highlight.min.js
C:\Program Files (x86)\EWSoftware\Sandcastle Help File Builder\Components\Default2022\scripts\jquery-3.5.1.min.js -&gt; C:\Users\A C E R\source\repos\ase-boose-assignment-Shreya2-22\Help\Working\Output\Website\scripts\jquery-3.5.1.min.js
C:\Program Files (x86)\EWSoftware\Sandcastle Help File Builder\Components\Default2022\scripts\presentationStyle.js -&gt; C:\Users\A C E R\source\repos\ase-boose-assignment-Shreya2-22\Help\Working\Output\Website\scripts\presentationStyle.js
C:\Program Files (x86)\EWSoftware\Sandcastle Help File Builder\Components\Default2022\webfonts\fa-brands-400.ttf -&gt; C:\Users\A C E R\source\repos\ase-boose-assignment-Shreya2-22\Help\Working\Output\Website\webfonts\fa-brands-400.ttf
C:\Program Files (x86)\EWSoftware\Sandcastle Help File Builder\Components\Default2022\webfonts\fa-brands-400.woff2 -&gt; C:\Users\A C E R\source\repos\ase-boose-assignment-Shreya2-22\Help\Working\Output\Website\webfonts\fa-brands-400.woff2
C:\Program Files (x86)\EWSoftware\Sandcastle Help File Builder\Components\Default2022\webfonts\fa-regular-400.ttf -&gt; C:\Users\A C E R\source\repos\ase-boose-assignment-Shreya2-22\Help\Working\Output\Website\webfonts\fa-regular-400.ttf
C:\Program Files (x86)\EWSoftware\Sandcastle Help File Builder\Components\Default2022\webfonts\fa-regular-400.woff2 -&gt; C:\Users\A C E R\source\repos\ase-boose-assignment-Shreya2-22\Help\Working\Output\Website\webfonts\fa-regular-400.woff2
C:\Program Files (x86)\EWSoftware\Sandcastle Help File Builder\Components\Default2022\webfonts\fa-solid-900.ttf -&gt; C:\Users\A C E R\source\repos\ase-boose-assignment-Shreya2-22\Help\Working\Output\Website\webfonts\fa-solid-900.ttf
C:\Program Files (x86)\EWSoftware\Sandcastle Help File Builder\Components\Default2022\webfonts\fa-solid-900.woff2 -&gt; C:\Users\A C E R\source\repos\ase-boose-assignment-Shreya2-22\Help\Working\Output\Website\webfonts\fa-solid-900.woff2
C:\Program Files (x86)\EWSoftware\Sandcastle Help File Builder\Components\Default2022\webfonts\fa-v4compatibility.ttf -&gt; C:\Users\A C E R\source\repos\ase-boose-assignment-Shreya2-22\Help\Working\Output\Website\webfonts\fa-v4compatibility.ttf
C:\Program Files (x86)\EWSoftware\Sandcastle Help File Builder\Components\Default2022\webfonts\fa-v4compatibility.woff2 -&gt; C:\Users\A C E R\source\repos\ase-boose-assignment-Shreya2-22\Help\Working\Output\Website\webfonts\fa-v4compatibility.woff2
C:\Program Files (x86)\EWSoftware\Sandcastle Help File Builder\Components\Default2022\RootWebsiteContent\GeneralError.html -&gt; C:\Users\A C E R\source\repos\ase-boose-assignment-Shreya2-22\Help\Working\Output\Website\GeneralError.html
C:\Program Files (x86)\EWSoftware\Sandcastle Help File Builder\Components\Default2022\RootWebsiteContent\index.html -&gt; C:\Users\A C E R\source\repos\ase-boose-assignment-Shreya2-22\Help\Working\Output\Website\index.html
C:\Program Files (x86)\EWSoftware\Sandcastle Help File Builder\Components\Default2022\RootWebsiteContent\PageNotFound.html -&gt; C:\Users\A C E R\source\repos\ase-boose-assignment-Shreya2-22\Help\Working\Output\Website\PageNotFound.html
C:\Program Files (x86)\EWSoftware\Sandcastle Help File Builder\Components\Default2022\RootWebsiteContent\search.html -&gt; C:\Users\A C E R\source\repos\ase-boose-assignment-Shreya2-22\Help\Working\Output\Website\search.html
C:\Program Files (x86)\EWSoftware\Sandcastle Help File Builder\Components\Default2022\RootWebsiteContent\SearchHelp.aspx -&gt; C:\Users\A C E R\source\repos\ase-boose-assignment-Shreya2-22\Help\Working\Output\Website\SearchHelp.aspx
C:\Program Files (x86)\EWSoftware\Sandcastle Help File Builder\Components\Default2022\RootWebsiteContent\SearchHelp.inc.php -&gt; C:\Users\A C E R\source\repos\ase-boose-assignment-Shreya2-22\Help\Working\Output\Website\SearchHelp.inc.php
C:\Program Files (x86)\EWSoftware\Sandcastle Help File Builder\Components\Default2022\RootWebsiteContent\SearchHelp.php -&gt; C:\Users\A C E R\source\repos\ase-boose-assignment-Shreya2-22\Help\Working\Output\Website\SearchHelp.php
C:\Program Files (x86)\EWSoftware\Sandcastle Help File Builder\Components\Default2022\RootWebsiteContent\Web.Config -&gt; C:\Users\A C E R\source\repos\ase-boose-assignment-Shreya2-22\Help\Working\Output\Website\Web.Config
    Last step completed in 00:00:00.3734
</buildStep>
<buildStep step="GenerateFullTextIndex">
Generating full-text index for the website...

    Last step completed in 00:00:00.5820
</buildStep>
<buildStep step="CopyingWebsiteFiles">
Copying website files to output folder...

Copied 269 files for the website content
    Last step completed in 00:00:00.3365
</buildStep>
<buildStep step="CleanIntermediates">
Removing intermediate files...
    Last step completed in 00:00:00.0647
</buildStep>
<buildStep step="Completed">

Build completed successfully at 1/11/2026 7:25:43 PM.  Total time: 00:00:24.7771

</buildStep>
</shfbBuild>
